Se incia la aplicación
Creación de la ventana de login
Se registran los listeners.
Se inicia la carga de parametros para conectar con la BD.
Recuperación de los datos para la conexión con la BD
Se intenta leer el archivo de propiedades cfg/conexionBD.properties
se cargó exitosamente
Parámetros de conexión: jdbc:mysql://localhost:3306/banco?useSSL=false&allowPublicKeyRetrieval=true&serverTimezone=America/Argentina/Buenos_Aires
Se inicializa la ventana de login.
se registra el controlador.
se muestra la ventana.
se carga el combo con los usuarios.
Intenta ingresar como Cliente
Intenta ingresar como Cliente a un ATM, tarjeta 101, PIN [1]
Recupera el usuario de BD para Cliente
Ingresa a recuperar el usuarioBD y passwordBD para acceder a la BD del usuario ATM
usuario atm, password atm
Se crea el modelo ATM.
Recuperación de la información sobre el cajero
Se intenta leer el archivo de propiedades cfg/config.properties
Código cajero ATM: 100
Parametros de conexion: url= jdbc:mysql://localhost:3306/banco?useSSL=false&allowPublicKeyRetrieval=true&serverTimezone=America/Argentina/Buenos_Aires, user=atm, pass=atm
Se establece la conexión con la BD
Se intenta autenticar la tarjeta 101 con pin 1
Se intenta realizar la siguiente consulta SELECT nro_tarjeta,nro_cliente,nro_ca FROM tarjeta WHERE  nro_tarjeta= 101 AND pin=md5(1)
Usuario Cliente autenticado
Se crea la ventana de ATM
Ingresa a crear el panel para consulta de saldo
Ingresa a crear el panel para Extracción
Ingresa a crear el panel para Transferencias
Ingresa a crear el panel para consulta de Ultimos Movimientos
Ingresa a crear el panel para consulta de Movimientos Por Períodos
Se registran los listeners.
Se inicializa los listeners del menu de opciones
Se inicializa los listeners de los botones de las operaciones
Se crea el controlador ATM.
Transfiere el control al nuevo controlador
Informa a la vista que puede eliminar la ventana de login.
Eliminación de la ventana de login.
Ejecuta el listener de ultimos movimientos
Muestra el panel de ultimos movimientos
Consulta al modelo por ultimos movimientos
Busca las ultimas 15 transacciones en la BD de la tarjeta 101
Se intenta realizar la siguiente consulta SELECT * FROM trans_cajas_ahorro where nro_cliente=1
Muestra la lista de movimientos
Muestra una lista con 2 transacciones
Ejecuta el listener de movimientos por periodo
Muestra el panel de movimientos por período
Ejecuta el listener de buscar movimientos por periodo
Periodo Fri Nov 15 00:00:00 ART 2013 a Fri Nov 12 20:10:21 ART 2021
Consulta al modelo por ultimos movimientos
Se intenta realizar la siguiente consulta SELECT * FROM trans_cajas_ahorro  WHERE nro_cliente=1 and TIMEDIFF('2021-11-12',fecha)>'00-00-00' AND TIMEDIFF('2013-11-15',fecha)<0
Muestra la lista de movimientos
Muestra una lista con 2 transacciones
Ejecuta el listener de buscar movimientos por periodo
Periodo Fri Nov 15 00:00:00 ART 2013 a Fri Nov 17 20:10:21 ART 2017
Consulta al modelo por ultimos movimientos
Se intenta realizar la siguiente consulta SELECT * FROM trans_cajas_ahorro  WHERE nro_cliente=1 and TIMEDIFF('2017-11-17',fecha)>'00-00-00' AND TIMEDIFF('2013-11-15',fecha)<0
Muestra la lista de movimientos
Muestra una lista con 1 transacciones
Ejecuta el listener de buscar movimientos por periodo
Periodo Fri Nov 15 00:00:00 ART 2013 a Fri Nov 17 20:10:21 ART 2017
Consulta al modelo por ultimos movimientos
Se intenta realizar la siguiente consulta SELECT * FROM trans_cajas_ahorro  WHERE nro_cliente=1 and TIMEDIFF('2017-11-17',fecha)>'00-00-00' AND TIMEDIFF('2013-11-15',fecha)<0
Muestra la lista de movimientos
Muestra una lista con 1 transacciones
Ejecuta el listener de buscar movimientos por periodo
Periodo Thu Nov 19 00:00:00 ART 2015 a Fri Nov 17 20:10:21 ART 2017
Consulta al modelo por ultimos movimientos
Se intenta realizar la siguiente consulta SELECT * FROM trans_cajas_ahorro  WHERE nro_cliente=1 and TIMEDIFF('2017-11-17',fecha)>'00-00-00' AND TIMEDIFF('2015-11-19',fecha)<0
Muestra la lista de movimientos
Muestra una lista con 0 transacciones
Ejecuta el listener de buscar movimientos por periodo
Periodo Thu Nov 19 00:00:00 ART 2015 a Fri Nov 17 20:10:21 ART 2017
Consulta al modelo por ultimos movimientos
Se intenta realizar la siguiente consulta SELECT * FROM trans_cajas_ahorro  WHERE nro_cliente=1 and TIMEDIFF('2017-11-17',fecha)>'00-00-00' AND TIMEDIFF('2015-11-19',fecha)<0
Muestra la lista de movimientos
Muestra una lista con 0 transacciones
Ejecuta el listener de buscar movimientos por periodo
Periodo Thu Nov 19 00:00:00 ART 2015 a Fri Nov 13 20:10:21 ART 2020
Consulta al modelo por ultimos movimientos
Se intenta realizar la siguiente consulta SELECT * FROM trans_cajas_ahorro  WHERE nro_cliente=1 and TIMEDIFF('2020-11-13',fecha)>'00-00-00' AND TIMEDIFF('2015-11-19',fecha)<0
Muestra la lista de movimientos
Muestra una lista con 1 transacciones
Saliendo de la aplicación.
Se desconecta la conexión a la BD.
Se intenta cerrar la conexión activa
Eliminación de la ventana.
